<?xml version="1.0" encoding="UTF-8"?>
<!-- Generated by org.testng.reporters.JUnitXMLReporter -->
<testsuite hostname="DESKTOP-3ARIVLD" ignored="0" name="TestFF" tests="3" failures="1" timestamp="13 Dec 2017 09:06:59 GMT" time="139.318" errors="0">
  <testcase name="testValidLogin" time="4.974" classname="scripts.ValidLogin"/>
  <testcase name="testInvalidLogin" time="2.856" classname="scripts.InvalidLogin"/>
  <testcase name="testCheckProductVersion" time="15.003" classname="scripts.CheckProductVersion">
    <failure type="org.openqa.selenium.NoSuchElementException" message="Unable to locate element: About your actiTime
For documentation on this error, please visit: http://seleniumhq.org/exceptions/no_such_element.html
Build info: version: &amp;apos;3.6.0&amp;apos;, revision: &amp;apos;6fbf3ec767&amp;apos;, time: &amp;apos;2017-09-27T16:15:40.131Z&amp;apos;
System info: host: &amp;apos;DESKTOP-3ARIVLD&amp;apos;, ip: &amp;apos;192.168.43.248&amp;apos;, os.name: &amp;apos;Windows 10&amp;apos;, os.arch: &amp;apos;amd64&amp;apos;, os.version: &amp;apos;10.0&amp;apos;, java.version: &amp;apos;1.8.0_151&amp;apos;
Driver info: org.openqa.selenium.firefox.FirefoxDriver
Capabilities [{moz:profile=C:\Users\vivia\AppData\Local\Temp\rust_mozprofile.LcKnTbvjvdk2, rotatable=false, timeouts={implicit=0, pageLoad=300000, script=30000}, pageLoadStrategy=normal, moz:headless=false, platform=XP, specificationLevel=0, moz:accessibilityChecks=false, acceptInsecureCerts=true, browserVersion=56.0, platformVersion=10.0, moz:processID=10876, browserName=firefox, javascriptEnabled=true, platformName=XP}]
Session ID: 46339a12-766b-441d-97d1-d31c8e0d8c54
*** Element info: {Using=link text, value=About your actiTime}">
      <![CDATA[org.openqa.selenium.NoSuchElementException: Unable to locate element: About your actiTime
For documentation on this error, please visit: http://seleniumhq.org/exceptions/no_such_element.html
Build info: version: '3.6.0', revision: '6fbf3ec767', time: '2017-09-27T16:15:40.131Z'
System info: host: 'DESKTOP-3ARIVLD', ip: '192.168.43.248', os.name: 'Windows 10', os.arch: 'amd64', os.version: '10.0', java.version: '1.8.0_151'
Driver info: org.openqa.selenium.firefox.FirefoxDriver
Capabilities [{moz:profile=C:\Users\vivia\AppData\Local\Temp\rust_mozprofile.LcKnTbvjvdk2, rotatable=false, timeouts={implicit=0, pageLoad=300000, script=30000}, pageLoadStrategy=normal, moz:headless=false, platform=XP, specificationLevel=0, moz:accessibilityChecks=false, acceptInsecureCerts=true, browserVersion=56.0, platformVersion=10.0, moz:processID=10876, browserName=firefox, javascriptEnabled=true, platformName=XP}]
Session ID: 46339a12-766b-441d-97d1-d31c8e0d8c54
*** Element info: {Using=link text, value=About your actiTime}
	at org.openqa.selenium.remote.http.W3CHttpResponseCodec.createException(W3CHttpResponseCodec.java:185)
	at org.openqa.selenium.remote.http.W3CHttpResponseCodec.decode(W3CHttpResponseCodec.java:120)
	at org.openqa.selenium.remote.http.W3CHttpResponseCodec.decode(W3CHttpResponseCodec.java:49)
	at org.openqa.selenium.remote.HttpCommandExecutor.execute(HttpCommandExecutor.java:164)
	at org.openqa.selenium.remote.service.DriverCommandExecutor.execute(DriverCommandExecutor.java:83)
	at org.openqa.selenium.remote.RemoteWebDriver.execute(RemoteWebDriver.java:586)
	at org.openqa.selenium.remote.RemoteWebDriver.findElement(RemoteWebDriver.java:356)
	at org.openqa.selenium.remote.RemoteWebDriver.findElementByLinkText(RemoteWebDriver.java:410)
	at org.openqa.selenium.By$ByLinkText.findElement(By.java:246)
	at org.openqa.selenium.remote.RemoteWebDriver.findElement(RemoteWebDriver.java:348)
	at org.openqa.selenium.support.pagefactory.DefaultElementLocator.findElement(DefaultElementLocator.java:69)
	at org.openqa.selenium.support.pagefactory.internal.LocatingElementHandler.invoke(LocatingElementHandler.java:38)
	at com.sun.proxy.$Proxy11.click(Unknown Source)
	at pages.EnterTimeTrackPage.clickAboutActiTIME(EnterTimeTrackPage.java:39)
	at scripts.CheckProductVersion.testCheckProductVersion(CheckProductVersion.java:33)
	at java.util.concurrent.FutureTask.run(Unknown Source)
	at java.util.concurrent.ThreadPoolExecutor.runWorker(Unknown Source)
	at java.util.concurrent.ThreadPoolExecutor$Worker.run(Unknown Source)
	at java.lang.Thread.run(Unknown Source)
... Removed 20 stack frames]]>
    </failure>
  </testcase> <!-- testCheckProductVersion -->
</testsuite> <!-- TestFF -->
