<?xml version="1.0" encoding="UTF-8"?>
<testng-results skipped="0" failed="0" ignored="0" total="1" passed="1">
  <reporter-output>
  </reporter-output>
  <suite name="Default suite" duration-ms="31" started-at="2017-12-08T05:32:23Z" finished-at="2017-12-08T05:32:23Z">
    <groups>
    </groups>
    <test name="Default test" duration-ms="31" started-at="2017-12-08T05:32:23Z" finished-at="2017-12-08T05:32:23Z">
      <class name="generic.demo">
        <test-method status="PASS" signature="TestOpenbrowser()[pri:0, instance:generic.demo@62ee68d8]" name="TestOpenbrowser" duration-ms="8" started-at="2017-12-08T11:02:23Z" finished-at="2017-12-08T11:02:23Z">
          <reporter-output>
          </reporter-output>
        </test-method> <!-- TestOpenbrowser -->
      </class> <!-- generic.demo -->
    </test> <!-- Default test -->
  </suite> <!-- Default suite -->
</testng-results>
