<?xml version="1.0" encoding="UTF-8"?>
<testng-results skipped="0" failed="0" ignored="0" total="1" passed="1">
  <reporter-output>
    <line>
      <![CDATA[Error message is displayed]]>
    </line>
    <line>
      <![CDATA[Error message is displayed]]>
    </line>
    <line>
      <![CDATA[Error message is displayed]]>
    </line>
    <line>
      <![CDATA[Error message is displayed]]>
    </line>
  </reporter-output>
  <suite name="Default suite" duration-ms="19315" started-at="2017-12-14T08:06:03Z" finished-at="2017-12-14T08:06:22Z">
    <groups>
      <group name="Regression">
        <method signature="InvalidLogin.testInvalidLogin()[pri:2, instance:scripts.InvalidLogin@68be2bc2]" name="testInvalidLogin" class="scripts.InvalidLogin"/>
      </group> <!-- Regression -->
    </groups>
    <test name="Default test" duration-ms="19315" started-at="2017-12-14T08:06:03Z" finished-at="2017-12-14T08:06:22Z">
      <class name="scripts.InvalidLogin">
        <test-method status="PASS" signature="OpenApplication(java.lang.String)[pri:0, instance:scripts.InvalidLogin@68be2bc2]" name="OpenApplication" is-config="true" duration-ms="11503" started-at="2017-12-14T13:36:03Z" finished-at="2017-12-14T13:36:14Z">
          <params>
            <param index="0">
              <value>
                <![CDATA[chrome]]>
              </value>
            </param>
          </params>
          <reporter-output>
          </reporter-output>
        </test-method> <!-- OpenApplication -->
        <test-method status="PASS" signature="testInvalidLogin()[pri:2, instance:scripts.InvalidLogin@68be2bc2]" name="testInvalidLogin" duration-ms="6372" started-at="2017-12-14T13:36:14Z" finished-at="2017-12-14T13:36:21Z">
          <reporter-output>
            <line>
              <![CDATA[Error message is displayed]]>
            </line>
            <line>
              <![CDATA[Error message is displayed]]>
            </line>
            <line>
              <![CDATA[Error message is displayed]]>
            </line>
            <line>
              <![CDATA[Error message is displayed]]>
            </line>
          </reporter-output>
        </test-method> <!-- testInvalidLogin -->
        <test-method status="PASS" signature="CloseApplication(org.testng.ITestResult)[pri:0, instance:scripts.InvalidLogin@68be2bc2]" name="CloseApplication" is-config="true" duration-ms="1422" started-at="2017-12-14T13:36:21Z" finished-at="2017-12-14T13:36:22Z">
          <params>
            <param index="0">
              <value>
                <![CDATA[[TestResult name=testInvalidLogin status=SUCCESS method=InvalidLogin.testInvalidLogin()[pri:2, instance:scripts.InvalidLogin@68be2bc2] output=Error message is displayed]]]>
              </value>
            </param>
          </params>
          <reporter-output>
          </reporter-output>
        </test-method> <!-- CloseApplication -->
      </class> <!-- scripts.InvalidLogin -->
    </test> <!-- Default test -->
  </suite> <!-- Default suite -->
</testng-results>
